<?xml version="1.0" encoding="UTF-8"?>
<!-- Generated by org.testng.reporters.JUnitReportReporter -->
<testsuite hostname="INPF0Y97EC" name="selenium.Demo" tests="1" failures="0" timestamp="27 Jul 2020 13:30:14 GMT" time="8.602" errors="0">
  <testcase name="hello" time="8.602" classname="selenium.Demo"/>
</testsuite> <!-- selenium.Demo -->
